SF:lib/widgets/atoms/digit_DigitCheckbox.dart
DA:47,1
DA:55,1
DA:57,1
DA:58,1
DA:64,1
DA:66,1
DA:67,3
DA:70,1
DA:72,1
DA:73,1
DA:74,2
DA:75,1
DA:76,1
DA:77,1
DA:78,1
DA:79,2
DA:81,1
DA:82,2
DA:83,2
DA:85,2
DA:86,4
DA:89,1
DA:91,1
DA:92,1
DA:95,1
DA:96,1
DA:97,2
DA:98,2
DA:102,1
DA:103,2
DA:104,5
DA:105,4
LF:32
LH:32
end_of_record
SF:lib/widgets/atoms/digit_DigitCheckbox_icon.dart
DA:20,5
DA:26,3
DA:28,3
DA:32,3
DA:33,3
DA:34,3
DA:35,3
DA:38,3
DA:39,3
DA:40,9
DA:46,3
DA:47,0
DA:50,0
DA:51,0
DA:52,0
DA:57,0
DA:58,0
DA:61,0
DA:65,3
DA:66,3
DA:69,3
DA:70,3
DA:71,9
DA:76,3
DA:77,3
DA:80,9
LF:26
LH:19
end_of_record
SF:lib/constants/DigitCheckboxConstants.dart
DA:11,3
DA:12,4
DA:14,3
DA:15,2
DA:17,0
DA:18,0
DA:20,3
DA:21,2
LF:8
LH:6
end_of_record
SF:lib/theme/colors.dart
DA:4,62
DA:6,15
DA:7,13
DA:8,13
DA:9,0
DA:10,15
DA:11,15
DA:12,14
DA:13,13
DA:14,13
DA:15,13
DA:16,13
DA:17,13
DA:18,13
DA:19,0
DA:20,13
DA:21,13
DA:22,13
DA:23,13
DA:24,0
DA:25,0
DA:26,0
DA:27,0
DA:28,0
DA:29,0
DA:30,13
LF:26
LH:18
end_of_record
SF:lib/digit_components.dart
DA:10,1
DA:12,16
DA:14,1
LF:3
LH:3
end_of_record
SF:lib/theme/digit_theme.dart
DA:12,13
DA:14,13
DA:16,26
DA:23,26
DA:24,26
DA:27,16
DA:29,13
DA:32,13
DA:33,13
DA:34,26
DA:35,26
DA:37,13
DA:38,13
DA:39,13
DA:40,13
DA:41,13
DA:42,13
DA:46,26
DA:48,26
DA:49,26
DA:50,26
DA:51,26
DA:52,26
DA:53,26
DA:54,26
DA:55,26
DA:56,26
DA:57,26
DA:58,26
DA:59,26
DA:60,26
DA:61,26
DA:62,26
DA:63,26
DA:64,26
DA:65,26
DA:68,13
DA:73,0
DA:75,0
DA:79,0
DA:81,13
DA:85,26
DA:86,13
DA:87,13
DA:88,13
DA:89,26
DA:90,26
DA:91,39
DA:94,26
DA:99,26
DA:100,13
DA:101,26
DA:102,39
DA:103,13
DA:107,26
DA:108,13
DA:109,13
DA:110,13
DA:112,26
DA:116,13
DA:126,26
DA:127,13
DA:133,13
DA:134,26
DA:137,13
DA:143,13
DA:144,26
DA:148,13
DA:154,39
DA:160,13
DA:166,13
DA:167,26
DA:170,13
DA:176,39
DA:180,26
DA:181,26
DA:182,26
DA:193,0
DA:194,0
DA:198,0
DA:199,0
LF:81
LH:74
end_of_record
SF:lib/theme/typography.dart
DA:9,13
DA:19,13
DA:20,39
DA:21,13
DA:22,39
DA:23,13
DA:24,39
DA:32,0
DA:33,39
DA:34,0
DA:35,0
DA:38,0
DA:39,0
DA:40,0
DA:43,39
DA:44,0
DA:45,0
DA:48,3
DA:49,3
DA:53,13
DA:58,13
DA:65,13
DA:67,13
DA:68,26
DA:73,26
DA:77,26
DA:81,26
DA:86,26
DA:91,26
DA:96,26
DA:101,26
DA:105,26
DA:110,26
LF:33
LH:25
end_of_record
SF:lib/widgets/powered_by_digit.dart
DA:10,1
DA:17,1
DA:18,1
DA:22,1
DA:23,1
DA:24,1
DA:25,2
DA:26,1
DA:28,2
DA:30,1
DA:33,2
DA:34,0
DA:37,3
LF:13
LH:12
end_of_record
SF:lib/widgets/scrollable_content.dart
DA:13,0
DA:25,0
DA:27,0
DA:28,0
DA:29,0
DA:30,0
DA:31,0
DA:32,0
DA:33,0
DA:35,0
DA:36,0
DA:37,0
DA:38,0
DA:39,0
DA:40,0
DA:41,0
DA:42,0
DA:45,0
DA:47,0
LF:19
LH:0
end_of_record
SF:lib/utils/validators/validator.dart
DA:2,2
DA:3,4
DA:4,2
DA:12,2
DA:13,2
DA:14,2
DA:15,0
DA:16,0
DA:19,2
DA:20,0
DA:21,0
DA:24,2
DA:25,4
DA:26,1
DA:29,1
DA:30,0
DA:31,0
DA:34,1
DA:35,0
DA:36,0
DA:39,1
DA:40,0
DA:41,0
DA:47,1
DA:48,0
DA:49,0
DA:53,1
DA:55,1
DA:57,2
DA:58,1
DA:62,1
DA:64,1
DA:66,2
DA:67,0
DA:97,3
LF:35
LH:22
end_of_record
SF:lib/widgets/atoms/digit_text_form_input.dart
DA:26,1
DA:45,1
DA:66,1
DA:67,1
DA:71,1
DA:74,1
LF:6
LH:6
end_of_record
SF:lib/widgets/atoms/digit_time_form_input.dart
DA:24,1
DA:42,1
DA:62,1
DA:63,1
DA:70,1
DA:73,1
DA:74,1
DA:75,1
DA:76,1
DA:77,1
DA:78,2
DA:85,2
DA:86,4
DA:91,1
DA:94,1
LF:15
LH:15
end_of_record
SF:lib/constants/AppView.dart
DA:9,11
DA:10,11
DA:13,0
DA:14,0
DA:17,0
DA:18,0
LF:6
LH:2
end_of_record
SF:lib/constants/BaseFormInputConstants.dart
DA:20,24
DA:21,8
DA:22,8
DA:26,24
DA:27,8
DA:28,8
LF:6
LH:6
end_of_record
SF:lib/utils/time_utils.dart
DA:3,1
DA:5,1
DA:6,1
DA:7,2
DA:9,3
DA:10,2
DA:12,1
LF:7
LH:7
end_of_record
SF:lib/widgets/atoms/digit_base_form_input.dart
DA:98,8
DA:129,8
DA:131,0
DA:132,0
DA:143,7
DA:144,14
DA:146,4
DA:147,12
DA:148,4
DA:152,2
DA:153,4
DA:158,8
DA:160,8
DA:162,16
DA:164,24
DA:166,16
DA:167,10
DA:171,8
DA:173,8
DA:174,24
DA:175,16
DA:178,2
DA:179,2
DA:181,4
DA:184,4
DA:185,2
DA:186,2
DA:192,1
DA:193,2
DA:194,2
DA:198,0
DA:200,0
DA:203,0
DA:205,0
DA:208,8
DA:210,1
DA:211,2
DA:212,2
DA:213,1
DA:219,16
DA:220,8
DA:221,3
DA:226,32
DA:230,8
DA:232,8
DA:234,8
DA:235,8
DA:236,8
DA:237,16
DA:238,3
DA:239,6
DA:240,12
DA:241,3
DA:242,3
DA:245,24
DA:246,2
DA:247,4
DA:248,4
DA:249,4
DA:260,8
DA:261,8
DA:262,8
DA:263,16
DA:264,16
DA:265,16
DA:267,16
DA:268,16
DA:269,16
DA:270,16
DA:272,16
DA:273,8
DA:275,8
DA:276,8
DA:277,0
DA:278,0
DA:282,8
DA:283,24
DA:287,24
DA:295,16
DA:297,16
DA:298,7
DA:299,8
DA:300,8
DA:301,8
DA:302,8
DA:303,2
DA:304,8
DA:309,8
DA:310,8
DA:311,16
DA:317,16
DA:325,16
DA:326,2
DA:327,6
DA:328,2
DA:335,2
DA:336,2
DA:337,2
DA:338,2
DA:339,4
DA:340,1
DA:341,2
DA:349,2
DA:350,4
DA:352,4
DA:353,1
DA:354,2
DA:358,14
DA:359,5
DA:360,15
DA:361,5
DA:365,5
DA:366,10
DA:368,10
DA:374,16
DA:375,4
DA:376,8
DA:377,16
DA:378,2
DA:379,6
DA:380,2
DA:387,2
DA:388,2
DA:389,2
DA:390,2
DA:391,4
DA:392,1
DA:393,2
DA:401,2
DA:402,4
DA:404,4
DA:405,1
DA:406,2
DA:412,6
DA:413,12
DA:414,6
DA:416,13
DA:422,32
DA:423,8
DA:425,8
DA:426,24
DA:427,6
DA:428,8
DA:429,2
DA:430,2
DA:432,2
DA:435,2
DA:436,2
DA:438,8
DA:439,2
DA:440,2
DA:445,4
DA:446,8
DA:448,16
DA:449,4
DA:450,4
DA:453,32
DA:454,8
DA:455,24
DA:456,4
DA:457,20
LF:161
LH:153
end_of_record
SF:lib/widgets/atoms/digit_location_form_input.dart
DA:22,1
DA:40,1
DA:60,1
DA:61,1
DA:68,0
DA:71,0
DA:74,1
DA:77,1
LF:8
LH:6
end_of_record
SF:lib/blocs/LocationBloc.dart
DA:6,0
DA:7,0
DA:8,0
DA:10,0
DA:13,0
DA:14,0
DA:16,0
DA:21,0
LF:8
LH:0
end_of_record
SF:lib/widgets/atoms/digit_text_area_form_input.dart
DA:24,1
DA:44,1
DA:66,1
DA:67,1
DA:71,1
DA:74,1
LF:6
LH:6
end_of_record
SF:lib/widgets/atoms/digit_DigitButton.dart
DA:55,1
DA:66,1
DA:68,1
DA:69,1
DA:75,1
DA:77,2
DA:78,1
DA:79,1
DA:80,0
DA:81,0
DA:82,0
DA:85,0
DA:86,0
DA:87,0
DA:90,1
DA:95,1
DA:96,3
DA:97,3
DA:98,1
DA:99,4
DA:100,1
DA:101,1
DA:102,1
DA:103,1
DA:104,2
DA:105,1
DA:106,3
DA:107,1
DA:108,1
DA:109,1
DA:110,0
DA:111,1
DA:115,1
DA:117,1
DA:118,2
DA:119,1
DA:120,1
DA:121,1
DA:123,3
DA:124,2
DA:125,1
DA:126,1
DA:129,1
DA:134,1
DA:135,4
DA:136,1
DA:137,1
DA:138,1
DA:139,1
DA:146,1
DA:147,1
DA:148,1
DA:149,2
DA:150,1
DA:152,1
DA:153,2
DA:154,0
DA:155,0
DA:156,0
DA:157,0
DA:158,0
DA:159,0
DA:160,0
DA:161,0
DA:164,3
DA:165,4
DA:166,1
DA:167,3
DA:168,1
DA:169,2
DA:170,1
DA:171,1
DA:172,3
DA:176,2
DA:177,0
DA:178,0
DA:179,0
DA:180,0
DA:181,0
DA:182,0
DA:183,0
DA:184,0
LF:82
LH:59
end_of_record
SF:lib/constants/DigitButtonConstants.dart
DA:11,3
DA:12,3
DA:13,3
DA:14,3
LF:4
LH:4
end_of_record
SF:lib/widgets/atoms/digit_search_form_input.dart
DA:25,1
DA:43,1
DA:63,1
DA:64,1
DA:70,1
DA:73,6
DA:75,1
DA:77,1
LF:8
LH:8
end_of_record
SF:lib/widgets/atoms/digit_password_form_input.dart
DA:23,1
DA:42,1
DA:63,1
DA:64,1
DA:69,1
DA:72,1
DA:75,1
DA:78,1
DA:81,1
DA:85,1
DA:87,1
DA:89,1
DA:92,1
LF:13
LH:13
end_of_record
SF:lib/models/DropdownModels.dart
DA:16,3
DA:38,3
DA:62,2
LF:3
LH:3
end_of_record
SF:lib/widgets/atoms/digit_dropdown_input.dart
DA:37,1
DA:48,1
DA:50,1
DA:51,1
DA:70,1
DA:72,1
DA:73,3
DA:74,4
DA:75,4
DA:76,6
DA:77,2
DA:79,2
DA:80,1
DA:83,4
DA:84,1
DA:89,1
DA:91,3
DA:92,2
DA:96,2
DA:98,1
DA:101,1
DA:102,2
DA:103,0
DA:107,1
DA:109,2
DA:113,4
DA:118,1
DA:119,1
DA:120,1
DA:121,1
DA:122,1
DA:123,1
DA:124,1
DA:125,1
DA:126,3
DA:128,1
DA:129,1
DA:130,3
DA:131,1
DA:132,2
DA:135,1
DA:136,2
DA:137,1
DA:141,1
DA:142,1
DA:143,1
DA:146,1
DA:147,1
DA:148,1
DA:151,1
DA:155,1
DA:156,1
DA:157,2
DA:159,1
DA:167,1
DA:168,2
DA:169,2
DA:170,1
DA:171,1
DA:172,1
DA:173,3
DA:174,1
DA:175,0
DA:176,0
DA:177,0
DA:178,0
DA:179,1
DA:181,2
DA:182,2
DA:183,1
DA:189,1
DA:190,2
DA:191,2
DA:192,2
DA:193,4
DA:198,1
DA:200,2
DA:204,0
DA:206,1
DA:208,1
DA:209,3
DA:210,1
DA:213,2
DA:214,2
DA:218,1
DA:219,3
DA:220,3
DA:221,1
DA:222,1
DA:223,1
DA:224,1
DA:226,4
DA:227,1
DA:228,5
DA:229,1
DA:231,1
DA:232,3
DA:233,3
DA:234,3
DA:236,1
DA:238,1
DA:239,1
DA:240,3
DA:241,1
DA:242,4
DA:243,1
DA:246,1
DA:261,1
DA:262,2
DA:263,1
DA:264,1
DA:266,1
DA:268,1
DA:269,0
DA:271,0
DA:273,1
DA:274,1
DA:276,1
DA:281,1
DA:282,1
DA:285,2
DA:286,5
DA:287,3
DA:288,1
DA:289,1
DA:291,1
DA:292,1
DA:293,1
DA:294,1
DA:295,1
DA:296,0
DA:297,0
DA:298,0
DA:301,0
DA:302,0
DA:303,0
DA:304,0
DA:306,1
DA:307,1
DA:308,1
DA:309,3
DA:310,0
DA:313,3
DA:314,0
DA:318,1
DA:320,3
DA:321,2
DA:324,1
DA:325,1
DA:326,3
DA:328,0
DA:331,0
DA:335,0
DA:336,0
DA:339,3
DA:341,0
DA:344,1
DA:346,1
DA:347,1
DA:348,1
DA:349,2
DA:350,1
DA:351,2
DA:353,1
DA:355,2
DA:356,1
DA:359,2
DA:360,2
DA:361,2
DA:362,1
DA:363,3
DA:364,1
DA:366,1
DA:368,3
DA:371,2
DA:372,1
DA:373,2
DA:374,2
DA:375,2
DA:376,1
DA:377,1
DA:389,1
DA:390,1
DA:391,1
DA:392,1
DA:394,3
DA:401,1
DA:402,1
DA:405,1
DA:409,1
DA:410,1
DA:411,5
DA:413,2
DA:416,1
DA:417,1
DA:419,1
DA:420,1
DA:421,4
DA:422,1
DA:423,1
DA:430,6
DA:432,2
DA:433,1
DA:434,1
DA:435,1
DA:436,1
DA:437,1
DA:438,1
DA:439,1
DA:440,1
DA:441,0
DA:442,0
DA:443,0
DA:446,1
DA:447,2
DA:448,3
DA:449,1
DA:451,4
DA:452,1
DA:454,1
DA:455,3
DA:456,1
DA:457,1
DA:458,3
DA:459,0
DA:462,3
DA:463,0
DA:464,1
DA:467,1
DA:469,1
DA:470,1
DA:476,1
DA:477,1
DA:478,5
DA:479,1
DA:483,1
DA:484,0
DA:489,0
DA:490,0
DA:492,0
DA:493,0
DA:494,0
DA:504,1
DA:506,1
DA:507,3
DA:524,1
DA:525,0
DA:526,0
DA:527,0
DA:529,0
DA:539,1
DA:540,1
DA:541,2
DA:542,2
DA:543,2
DA:544,1
DA:547,2
DA:548,2
DA:551,2
DA:554,2
DA:556,4
DA:557,3
DA:558,2
DA:560,3
DA:561,0
DA:562,0
DA:565,3
DA:566,3
DA:567,2
DA:568,4
LF:270
LH:231
end_of_record
SF:lib/widgets/atoms/digit_multiselect_dropdown.dart
DA:51,1
DA:69,1
DA:71,1
DA:73,1
DA:94,1
DA:96,1
DA:97,3
DA:98,1
DA:100,4
DA:101,4
DA:104,1
DA:105,1
DA:106,1
DA:107,3
DA:108,3
DA:112,1
DA:113,2
DA:114,6
DA:115,0
DA:116,2
DA:119,3
DA:120,4
DA:121,3
DA:122,3
DA:123,3
DA:129,1
DA:130,3
DA:131,2
DA:132,4
DA:136,4
DA:137,2
DA:140,1
DA:141,2
DA:142,4
DA:146,1
DA:147,6
DA:152,0
DA:154,0
DA:155,0
DA:156,0
DA:157,0
DA:158,0
DA:162,0
DA:163,0
DA:164,0
DA:167,0
DA:168,0
DA:173,0
DA:175,0
DA:176,0
DA:177,0
DA:180,0
DA:181,0
DA:185,0
DA:189,1
DA:190,2
DA:192,1
DA:193,1
DA:195,6
DA:197,1
DA:200,1
DA:202,4
DA:203,1
DA:204,1
DA:205,1
DA:206,1
DA:207,1
DA:210,1
DA:211,1
DA:212,1
DA:213,1
DA:214,1
DA:215,1
DA:216,2
DA:217,1
DA:226,1
DA:227,1
DA:228,1
DA:229,1
DA:230,2
DA:231,4
DA:234,1
DA:235,1
DA:237,2
DA:249,1
DA:250,1
DA:253,1
DA:260,1
DA:261,2
DA:265,1
DA:269,3
DA:272,1
DA:273,1
DA:276,1
DA:277,1
DA:278,1
DA:279,0
DA:282,1
DA:283,1
DA:290,1
DA:292,3
DA:293,0
DA:294,0
DA:296,0
DA:297,0
DA:299,3
DA:300,2
DA:301,3
DA:303,2
DA:304,2
DA:307,1
DA:311,0
DA:315,0
DA:316,0
DA:317,0
DA:322,1
DA:323,2
DA:327,1
DA:328,2
DA:329,0
DA:331,2
DA:336,1
DA:338,1
DA:340,1
DA:342,2
DA:343,2
DA:344,2
DA:346,2
DA:347,1
DA:348,1
DA:349,1
DA:350,1
DA:352,1
DA:353,1
DA:357,1
DA:358,1
DA:363,1
DA:366,1
DA:367,1
DA:368,1
DA:370,1
DA:371,3
DA:372,1
DA:374,1
DA:387,1
DA:392,1
DA:393,1
DA:394,2
DA:396,1
DA:397,1
DA:401,1
DA:402,1
DA:403,1
DA:404,1
DA:405,7
DA:406,2
DA:407,1
DA:408,1
DA:409,1
DA:421,1
DA:427,3
DA:429,1
DA:430,1
DA:431,2
DA:433,1
DA:435,1
DA:436,1
DA:437,2
DA:438,1
DA:440,1
DA:442,1
DA:444,1
DA:446,1
DA:447,1
DA:449,5
DA:450,1
DA:454,2
DA:455,2
DA:456,6
DA:457,3
DA:458,1
DA:459,1
DA:461,1
DA:468,1
DA:476,1
DA:482,1
DA:483,1
DA:484,1
DA:485,1
DA:486,1
DA:487,1
DA:488,1
DA:489,1
DA:491,1
DA:493,1
DA:496,1
DA:497,1
DA:500,1
DA:502,1
DA:503,1
DA:504,1
DA:505,2
DA:506,0
DA:507,0
DA:510,0
DA:511,0
DA:513,2
DA:514,0
DA:517,1
DA:518,1
DA:520,5
DA:522,1
DA:523,1
DA:528,1
DA:529,0
DA:530,0
DA:531,0
DA:532,0
DA:534,0
DA:535,0
DA:542,1
DA:543,1
DA:546,3
DA:547,1
DA:549,1
DA:552,1
DA:554,0
DA:555,0
DA:557,0
DA:558,0
DA:561,2
DA:562,1
DA:564,2
DA:565,2
DA:569,1
DA:570,4
DA:571,5
DA:573,4
DA:576,1
DA:578,1
DA:579,4
DA:591,1
DA:592,3
DA:593,2
DA:595,0
DA:596,0
DA:598,0
DA:600,2
DA:604,1
DA:605,1
DA:606,3
DA:607,3
DA:608,1
DA:609,5
DA:610,1
DA:611,1
DA:613,3
DA:617,1
DA:618,1
DA:619,1
DA:620,2
DA:621,1
DA:622,1
DA:623,1
DA:624,1
DA:625,1
DA:627,1
DA:632,1
DA:633,2
DA:641,1
DA:642,1
DA:644,2
DA:646,0
DA:647,0
DA:648,0
DA:650,0
DA:651,0
DA:653,0
DA:655,0
DA:661,1
DA:663,4
DA:666,5
DA:667,2
DA:668,2
DA:669,5
DA:674,5
DA:675,2
DA:676,2
DA:677,5
DA:679,4
DA:682,5
DA:683,0
DA:684,0
DA:686,0
DA:706,3
DA:710,2
DA:713,1
DA:715,1
DA:716,1
DA:721,1
DA:722,3
DA:723,1
DA:728,0
DA:729,0
DA:730,0
DA:731,0
DA:736,1
DA:737,1
DA:738,0
DA:741,3
DA:742,3
DA:743,1
DA:748,0
DA:750,0
DA:751,0
DA:754,0
DA:755,0
DA:760,1
DA:761,3
DA:762,3
DA:763,1
DA:767,0
DA:770,3
DA:773,0
DA:777,0
DA:778,0
DA:779,0
DA:780,0
DA:785,0
DA:786,0
DA:787,0
DA:788,0
LF:332
LH:255
end_of_record
SF:lib/models/chipModel.dart
DA:22,3
LF:1
LH:1
end_of_record
SF:lib/widgets/helper_widget/selection_chip.dart
DA:14,2
DA:20,2
DA:22,2
DA:24,2
DA:25,4
DA:26,4
DA:27,6
DA:28,6
DA:29,2
DA:30,2
DA:32,2
DA:34,2
DA:36,4
DA:38,2
DA:39,12
DA:40,0
LF:16
LH:15
end_of_record
SF:lib/models/RadioDigitButtonModel.dart
DA:5,1
LF:1
LH:1
end_of_record
SF:lib/widgets/atoms/digit_radio_list.dart
DA:52,1
DA:61,1
DA:64,1
DA:65,1
DA:74,1
DA:76,1
DA:78,6
DA:82,1
DA:84,4
DA:86,0
DA:88,0
DA:92,1
DA:94,1
DA:99,1
DA:100,3
DA:101,1
DA:102,3
DA:103,1
DA:104,2
DA:105,1
DA:107,1
DA:108,1
DA:109,0
DA:110,0
DA:111,0
DA:114,0
DA:115,0
DA:116,0
DA:119,1
DA:120,2
DA:122,1
DA:123,2
DA:125,7
DA:127,5
DA:129,1
DA:131,1
DA:132,1
DA:134,2
DA:135,2
DA:136,1
DA:138,1
DA:139,2
DA:140,1
DA:141,4
DA:142,2
DA:143,1
DA:144,1
DA:147,1
DA:149,4
DA:150,1
DA:151,1
DA:153,2
DA:154,0
DA:155,1
DA:163,1
DA:165,1
DA:166,1
DA:167,5
DA:168,4
DA:180,1
LF:60
LH:51
end_of_record
SF:lib/widgets/atoms/digit_numeric_form_input.dart
DA:29,1
DA:53,1
DA:80,1
DA:81,1
DA:86,1
DA:88,2
DA:90,4
DA:91,6
DA:92,7
DA:98,1
DA:100,2
DA:102,4
DA:103,6
DA:104,7
DA:109,1
DA:112,1
LF:16
LH:16
end_of_record
SF:lib/models/TreeModel.dart
DA:6,1
LF:1
LH:1
end_of_record
SF:lib/widgets/atoms/digit_tree_select_dropdown.dart
DA:45,1
DA:60,1
DA:62,1
DA:64,1
DA:85,1
DA:87,1
DA:88,3
DA:89,1
DA:91,4
DA:92,4
DA:95,1
DA:96,1
DA:97,1
DA:98,3
DA:99,3
DA:103,1
DA:104,2
DA:105,6
DA:106,0
DA:107,2
DA:110,3
DA:111,4
DA:112,3
DA:113,3
DA:114,3
DA:120,1
DA:121,3
DA:122,2
DA:123,4
DA:127,4
DA:128,2
DA:131,1
DA:132,2
DA:133,4
DA:137,1
DA:138,6
DA:143,0
DA:145,0
DA:146,0
DA:147,0
DA:148,0
DA:149,0
DA:153,0
DA:154,0
DA:155,0
DA:158,0
DA:159,0
DA:164,0
DA:166,0
DA:167,0
DA:168,0
DA:171,0
DA:172,0
DA:175,0
DA:179,1
DA:180,2
DA:182,1
DA:183,1
DA:185,6
DA:187,1
DA:190,1
DA:194,4
DA:197,1
DA:198,1
DA:199,1
DA:200,1
DA:201,1
DA:204,1
DA:205,1
DA:209,1
DA:210,2
DA:211,1
DA:220,1
DA:221,1
DA:222,1
DA:223,1
DA:224,2
DA:225,3
DA:227,4
DA:228,0
DA:231,1
DA:232,1
DA:234,2
DA:246,1
DA:247,3
DA:248,1
DA:250,1
DA:257,1
DA:258,1
DA:262,1
DA:263,1
DA:264,3
DA:265,3
DA:266,1
DA:267,5
DA:268,1
DA:269,1
DA:271,3
DA:275,1
DA:276,1
DA:277,1
DA:278,2
DA:279,1
DA:280,1
DA:281,1
DA:282,1
DA:283,1
DA:285,1
DA:290,1
DA:291,2
DA:299,1
DA:300,1
DA:303,0
DA:304,0
DA:305,0
DA:307,0
DA:308,0
DA:311,0
DA:313,0
DA:319,3
DA:322,1
DA:323,1
DA:326,1
DA:327,1
DA:328,1
DA:331,1
DA:332,1
DA:339,1
DA:341,3
DA:342,0
DA:343,0
DA:345,0
DA:346,0
DA:348,3
DA:349,2
DA:350,3
DA:352,2
DA:353,2
DA:356,1
DA:360,1
DA:361,2
DA:365,1
DA:366,2
DA:367,0
DA:369,2
DA:374,1
DA:376,1
DA:378,1
DA:380,2
DA:381,2
DA:382,2
DA:384,2
DA:385,1
DA:386,1
DA:387,1
DA:388,1
DA:390,1
DA:391,1
DA:396,1
DA:397,1
DA:402,1
DA:407,1
DA:409,1
DA:410,1
DA:411,1
DA:413,1
DA:414,1
DA:428,1
DA:430,1
DA:431,1
DA:432,2
DA:434,1
DA:435,1
DA:436,2
DA:439,1
DA:440,1
DA:441,1
DA:443,5
DA:444,2
DA:445,1
DA:446,1
DA:447,1
DA:459,1
DA:466,1
DA:472,1
DA:473,2
DA:474,1
DA:475,3
DA:476,2
DA:477,1
DA:478,1
DA:480,2
DA:481,2
DA:482,2
DA:485,0
DA:486,0
DA:487,0
DA:489,0
DA:490,0
DA:491,0
DA:495,1
DA:496,4
DA:497,5
DA:500,3
DA:507,1
DA:508,3
DA:509,2
DA:511,0
DA:512,0
DA:514,0
DA:516,2
DA:520,1
DA:522,4
DA:525,5
DA:526,2
DA:527,2
DA:528,5
DA:533,5
DA:534,2
DA:535,2
DA:536,5
DA:538,4
DA:541,5
DA:542,0
DA:543,0
DA:545,0
DA:563,3
DA:567,2
DA:570,1
DA:572,1
DA:573,1
DA:578,1
DA:579,3
DA:580,1
DA:585,0
DA:586,0
DA:587,0
DA:590,0
DA:591,0
DA:592,0
DA:597,1
DA:598,1
DA:599,0
DA:602,3
DA:603,3
DA:604,1
DA:609,0
DA:610,0
DA:611,0
DA:614,0
DA:615,0
DA:620,1
DA:621,3
DA:622,3
DA:623,1
DA:627,0
DA:630,3
DA:633,0
DA:637,0
DA:638,0
DA:639,0
DA:640,0
DA:645,0
DA:646,0
DA:647,0
DA:648,0
LF:266
LH:200
end_of_record
SF:lib/widgets/helper_widget/tree_node_widget.dart
DA:17,1
DA:27,1
DA:29,1
DA:30,1
DA:38,1
DA:39,2
DA:40,7
DA:43,0
DA:47,1
DA:48,2
DA:49,0
DA:50,0
DA:54,0
DA:55,0
DA:56,0
DA:57,0
DA:60,0
DA:61,0
DA:67,0
DA:68,0
DA:69,0
DA:70,0
DA:72,0
DA:73,0
DA:78,1
DA:79,7
DA:82,1
DA:84,1
DA:86,3
DA:91,2
DA:92,1
DA:94,3
DA:95,0
DA:96,1
DA:97,1
DA:100,1
DA:101,1
DA:102,1
DA:103,1
DA:104,1
DA:105,2
DA:106,1
DA:109,1
DA:112,3
DA:113,1
DA:114,0
DA:115,0
DA:116,0
DA:117,0
DA:119,0
DA:121,0
DA:122,0
DA:123,0
DA:126,3
DA:130,3
DA:136,1
DA:139,1
DA:140,3
DA:141,4
DA:142,1
DA:143,1
DA:148,1
DA:149,0
DA:151,0
DA:152,0
DA:153,0
DA:154,0
DA:155,0
DA:156,0
DA:164,0
DA:166,0
DA:167,0
DA:169,0
DA:170,0
DA:171,0
DA:173,0
DA:174,0
DA:175,0
DA:176,0
DA:177,0
DA:180,0
DA:187,1
DA:188,4
DA:189,0
DA:190,0
DA:192,2
DA:193,7
DA:194,0
DA:195,0
DA:197,3
DA:198,2
DA:199,7
DA:200,3
DA:201,5
DA:204,0
DA:205,0
DA:207,0
DA:208,0
DA:209,0
LF:99
LH:47
end_of_record
SF:lib/widgets/atoms/digit_date_form_input.dart
DA:22,1
DA:40,1
DA:60,1
DA:61,1
DA:68,1
DA:73,2
DA:74,1
DA:75,2
DA:79,1
DA:82,1
LF:10
LH:10
end_of_record
SF:lib/blocs/DateSelection.dart
DA:5,1
DA:10,1
DA:12,1
DA:13,1
DA:14,1
DA:18,0
DA:19,3
DA:20,1
LF:8
LH:7
end_of_record
